{"C:\\Users\\ELIZABETH\\Documents\\Laboratoria\\LIM013-fe-md-links\\lib\\md-links.js": {"path":"C:\\Users\\ELIZABETH\\Documents\\Laboratoria\\LIM013-fe-md-links\\lib\\md-links.js","statementMap":{"0":{"start":{"line":2,"column":11},"end":{"line":2,"column":24}},"1":{"start":{"line":4,"column":39},"end":{"line":4,"column":59}},"2":{"start":{"line":7,"column":16},"end":{"line":19,"column":1}},"3":{"start":{"line":8,"column":23},"end":{"line":17,"column":6}},"4":{"start":{"line":9,"column":12},"end":{"line":16,"column":13}},"5":{"start":{"line":10,"column":16},"end":{"line":10,"column":79}},"6":{"start":{"line":13,"column":16},"end":{"line":15,"column":17}},"7":{"start":{"line":18,"column":4},"end":{"line":18,"column":22}},"8":{"start":{"line":21,"column":0},"end":{"line":21,"column":25}}},"fnMap":{"0":{"name":"(anonymous_0)","decl":{"start":{"line":7,"column":16},"end":{"line":7,"column":17}},"loc":{"start":{"line":7,"column":27},"end":{"line":19,"column":1}},"line":7},"1":{"name":"(anonymous_1)","decl":{"start":{"line":8,"column":36},"end":{"line":8,"column":37}},"loc":{"start":{"line":8,"column":56},"end":{"line":17,"column":5}},"line":8}},"branchMap":{"0":{"loc":{"start":{"line":9,"column":12},"end":{"line":16,"column":13}},"type":"if","locations":[{"start":{"line":9,"column":12},"end":{"line":16,"column":13}},{"start":{"line":9,"column":12},"end":{"line":16,"column":13}}],"line":9}},"s":{"0":1,"1":1,"2":1,"3":0,"4":0,"5":0,"6":0,"7":0,"8":1},"f":{"0":0,"1":0},"b":{"0":[0,0]},"_coverageSchema":"1a1c01bbd47fc00a2c39e90264f33305004495a9","hash":"b20214eec13d835ac273991476b23b940711f848"}
,"C:\\Users\\ELIZABETH\\Documents\\Laboratoria\\LIM013-fe-md-links\\lib\\util.js": {"path":"C:\\Users\\ELIZABETH\\Documents\\Laboratoria\\LIM013-fe-md-links\\lib\\util.js","statementMap":{"0":{"start":{"line":2,"column":14},"end":{"line":2,"column":30}},"1":{"start":{"line":3,"column":14},"end":{"line":3,"column":30}},"2":{"start":{"line":5,"column":11},"end":{"line":5,"column":24}},"3":{"start":{"line":7,"column":13},"end":{"line":7,"column":28}},"4":{"start":{"line":11,"column":23},"end":{"line":11,"column":54}},"5":{"start":{"line":11,"column":34},"end":{"line":11,"column":54}},"6":{"start":{"line":13,"column":23},"end":{"line":13,"column":56}},"7":{"start":{"line":13,"column":34},"end":{"line":13,"column":56}},"8":{"start":{"line":15,"column":27},"end":{"line":15,"column":57}},"9":{"start":{"line":15,"column":38},"end":{"line":15,"column":57}},"10":{"start":{"line":24,"column":25},"end":{"line":31,"column":1}},"11":{"start":{"line":25,"column":16},"end":{"line":25,"column":34}},"12":{"start":{"line":26,"column":2},"end":{"line":28,"column":5}},"13":{"start":{"line":27,"column":8},"end":{"line":27,"column":41}},"14":{"start":{"line":28,"column":6},"end":{"line":30,"column":5}},"15":{"start":{"line":29,"column":8},"end":{"line":29,"column":57}},"16":{"start":{"line":44,"column":21},"end":{"line":56,"column":1}},"17":{"start":{"line":45,"column":2},"end":{"line":55,"column":3}},"18":{"start":{"line":46,"column":18},"end":{"line":46,"column":43}},"19":{"start":{"line":47,"column":4},"end":{"line":47,"column":75}},"20":{"start":{"line":48,"column":4},"end":{"line":48,"column":40}},"21":{"start":{"line":49,"column":4},"end":{"line":49,"column":30}},"22":{"start":{"line":52,"column":4},"end":{"line":52,"column":40}},"23":{"start":{"line":53,"column":4},"end":{"line":53,"column":28}},"24":{"start":{"line":54,"column":4},"end":{"line":54,"column":41}},"25":{"start":{"line":59,"column":17},"end":{"line":70,"column":1}},"26":{"start":{"line":60,"column":20},"end":{"line":60,"column":51}},"27":{"start":{"line":61,"column":23},"end":{"line":67,"column":3}},"28":{"start":{"line":68,"column":17},"end":{"line":68,"column":47}},"29":{"start":{"line":69,"column":2},"end":{"line":69,"column":22}},"30":{"start":{"line":72,"column":0},"end":{"line":72,"column":96}}},"fnMap":{"0":{"name":"(anonymous_0)","decl":{"start":{"line":11,"column":23},"end":{"line":11,"column":24}},"loc":{"start":{"line":11,"column":34},"end":{"line":11,"column":54}},"line":11},"1":{"name":"(anonymous_1)","decl":{"start":{"line":13,"column":23},"end":{"line":13,"column":24}},"loc":{"start":{"line":13,"column":34},"end":{"line":13,"column":56}},"line":13},"2":{"name":"(anonymous_2)","decl":{"start":{"line":15,"column":27},"end":{"line":15,"column":28}},"loc":{"start":{"line":15,"column":38},"end":{"line":15,"column":57}},"line":15},"3":{"name":"(anonymous_3)","decl":{"start":{"line":24,"column":25},"end":{"line":24,"column":26}},"loc":{"start":{"line":24,"column":35},"end":{"line":31,"column":1}},"line":24},"4":{"name":"(anonymous_4)","decl":{"start":{"line":44,"column":21},"end":{"line":44,"column":22}},"loc":{"start":{"line":44,"column":32},"end":{"line":56,"column":1}},"line":44},"5":{"name":"(anonymous_5)","decl":{"start":{"line":59,"column":17},"end":{"line":59,"column":18}},"loc":{"start":{"line":59,"column":36},"end":{"line":70,"column":1}},"line":59}},"branchMap":{"0":{"loc":{"start":{"line":26,"column":2},"end":{"line":28,"column":5}},"type":"if","locations":[{"start":{"line":26,"column":2},"end":{"line":28,"column":5}},{"start":{"line":26,"column":2},"end":{"line":28,"column":5}}],"line":26},"1":{"loc":{"start":{"line":28,"column":6},"end":{"line":30,"column":5}},"type":"if","locations":[{"start":{"line":28,"column":6},"end":{"line":30,"column":5}},{"start":{"line":28,"column":6},"end":{"line":30,"column":5}}],"line":28},"2":{"loc":{"start":{"line":45,"column":2},"end":{"line":55,"column":3}},"type":"if","locations":[{"start":{"line":45,"column":2},"end":{"line":55,"column":3}},{"start":{"line":45,"column":2},"end":{"line":55,"column":3}}],"line":45}},"s":{"0":2,"1":2,"2":2,"3":2,"4":2,"5":2,"6":2,"7":2,"8":2,"9":1,"10":2,"11":0,"12":0,"13":0,"14":0,"15":0,"16":2,"17":0,"18":0,"19":0,"20":0,"21":0,"22":0,"23":0,"24":0,"25":2,"26":0,"27":0,"28":0,"29":0,"30":2},"f":{"0":2,"1":2,"2":1,"3":0,"4":0,"5":0},"b":{"0":[0,0],"1":[0,0],"2":[0,0]},"_coverageSchema":"1a1c01bbd47fc00a2c39e90264f33305004495a9","hash":"ad46e98ef21c9adc4c301b29361c7264a8f73706"}
}
