{"C:\\Users\\ELIZABETH\\Documents\\Laboratoria\\LIM013-fe-md-links\\lib\\cli.js": {"path":"C:\\Users\\ELIZABETH\\Documents\\Laboratoria\\LIM013-fe-md-links\\lib\\cli.js","statementMap":{"0":{"start":{"line":5,"column":13},"end":{"line":7,"column":1}},"1":{"start":{"line":6,"column":4},"end":{"line":6,"column":60}},"2":{"start":{"line":9,"column":0},"end":{"line":9,"column":7}},"3":{"start":{"line":11,"column":0},"end":{"line":11,"column":26}},"4":{"start":{"line":13,"column":0},"end":{"line":13,"column":22}}},"fnMap":{"0":{"name":"(anonymous_0)","decl":{"start":{"line":5,"column":13},"end":{"line":5,"column":14}},"loc":{"start":{"line":5,"column":19},"end":{"line":7,"column":1}},"line":5}},"branchMap":{},"s":{"0":1,"1":1,"2":1,"3":1,"4":1},"f":{"0":1},"b":{},"_coverageSchema":"1a1c01bbd47fc00a2c39e90264f33305004495a9","hash":"51b0daab74a32aafb323c5dde83cf692ee4c3ff4"}
}
